Using pre-set license
Built from '2022.3/staging' branch; Version is '2022.3.6f1 (b9e6e7e9fa2d) revision 12183271'; Using compiler version '192829333'; Build Type 'Release'
OS: 'Windows 11  (10.0.26080) 64bit Professional' Language: 'uk' Physical Memory: 16335 MB
BatchMode: 1, IsHumanControllingUs: 0, StartBugReporterOnCrash: 0, Is64bit: 1, IsPro: 1

COMMAND LINE ARGUMENTS:
C:\Program Files\Unity\Hub\Editor\2022.3.6f1\Editor\Unity.exe
-adb2
-batchMode
-noUpm
-name
AssetImportWorker2
-projectPath
D:/git projects/etheb/Erase-the--DnD--borders-/unity/etb
-logFile
Logs/AssetImportWorker2.log
-srvPort
61732
Successfully changed project path to: D:/git projects/etheb/Erase-the--DnD--borders-/unity/etb
D:/git projects/etheb/Erase-the--DnD--borders-/unity/etb
[UnityMemory] Configuration Parameters - Can be set up in boot.config
    "memorysetup-bucket-allocator-granularity=16"
    "memorysetup-bucket-allocator-bucket-count=8"
    "memorysetup-bucket-allocator-block-size=33554432"
    "memorysetup-bucket-allocator-block-count=8"
    "memorysetup-main-allocator-block-size=16777216"
    "memorysetup-thread-allocator-block-size=16777216"
    "memorysetup-gfx-main-allocator-block-size=16777216"
    "memorysetup-gfx-thread-allocator-block-size=16777216"
    "memorysetup-cache-allocator-block-size=4194304"
    "memorysetup-typetree-allocator-block-size=2097152"
    "memorysetup-profiler-bucket-allocator-granularity=16"
    "memorysetup-profiler-bucket-allocator-bucket-count=8"
    "memorysetup-profiler-bucket-allocator-block-size=33554432"
    "memorysetup-profiler-bucket-allocator-block-count=8"
    "memorysetup-profiler-allocator-block-size=16777216"
    "memorysetup-profiler-editor-allocator-block-size=1048576"
    "memorysetup-temp-allocator-size-main=16777216"
    "memorysetup-job-temp-allocator-block-size=2097152"
    "memorysetup-job-temp-allocator-block-size-background=1048576"
    "memorysetup-job-temp-allocator-reduction-small-platforms=262144"
    "memorysetup-allocator-temp-initial-block-size-main=262144"
    "memorysetup-allocator-temp-initial-block-size-worker=262144"
    "memorysetup-temp-allocator-size-background-worker=32768"
    "memorysetup-temp-allocator-size-job-worker=262144"
    "memorysetup-temp-allocator-size-preload-manager=33554432"
    "memorysetup-temp-allocator-size-nav-mesh-worker=65536"
    "memorysetup-temp-allocator-size-audio-worker=65536"
    "memorysetup-temp-allocator-size-cloud-worker=32768"
    "memorysetup-temp-allocator-size-gi-baking-worker=262144"
    "memorysetup-temp-allocator-size-gfx=262144"
Player connection [5860] Host "[IP] 192.168.178.42 [Port] 0 [Flags] 2 [Guid] 1165280112 [EditorId] 1165280112 [Version] 1048832 [Id] WindowsEditor(7,PC-Anton) [Debug] 1 [PackageName] WindowsEditor [ProjectName] Editor" joined multi-casting on [225.0.0.222:54997]...

Player connection [5860] Host "[IP] 192.168.178.42 [Port] 0 [Flags] 2 [Guid] 1165280112 [EditorId] 1165280112 [Version] 1048832 [Id] WindowsEditor(7,PC-Anton) [Debug] 1 [PackageName] WindowsEditor [ProjectName] Editor" joined alternative multi-casting on [225.0.0.222:34997]...

Refreshing native plugins compatible for Editor in 10.42 ms, found 3 plugins.
Preloading 0 native plugins for Editor in 0.00 ms.
Initialize engine version: 2022.3.6f1 (b9e6e7e9fa2d)
[Subsystems] Discovering subsystems at path C:/Program Files/Unity/Hub/Editor/2022.3.6f1/Editor/Data/Resources/UnitySubsystems
[Subsystems] Discovering subsystems at path D:/git projects/etheb/Erase-the--DnD--borders-/unity/etb/Assets
GfxDevice: creating device client; threaded=0; jobified=0
Direct3D:
    Version:  Direct3D 11.0 [level 11.1]
    Renderer: AMD Radeon RX 6600 (ID=0x73ff)
    Vendor:   ATI
    VRAM:     8147 MB
    Driver:   32.0.11000.34000
Initialize mono
Mono path[0] = 'C:/Program Files/Unity/Hub/Editor/2022.3.6f1/Editor/Data/Managed'
Mono path[1] = 'C:/Program Files/Unity/Hub/Editor/2022.3.6f1/Editor/Data/MonoBleedingEdge/lib/mono/unityjit-win32'
Mono config path = 'C:/Program Files/Unity/Hub/Editor/2022.3.6f1/Editor/Data/MonoBleedingEdge/etc'
Using monoOptions --debugger-agent=transport=dt_socket,embedding=1,server=y,suspend=n,address=127.0.0.1:56216
Begin MonoManager ReloadAssembly
Registering precompiled unity dll's ...
Register platform support module: C:/Program Files/Unity/Hub/Editor/2022.3.6f1/Editor/Data/PlaybackEngines/AndroidPlayer/UnityEditor.Android.Extensions.dll
Register platform support module: C:/Program Files/Unity/Hub/Editor/2022.3.6f1/Editor/Data/PlaybackEngines/iOSSupport/UnityEditor.iOS.Extensions.dll
Register platform support module: C:/Program Files/Unity/Hub/Editor/2022.3.6f1/Editor/Data/PlaybackEngines/WindowsStandaloneSupport/UnityEditor.WindowsStandalone.Extensions.dll
Register platform support module: C:/Program Files/Unity/Hub/Editor/2022.3.6f1/Editor/Data/PlaybackEngines/MetroSupport/UnityEditor.UWP.Extensions.dll
Registered in 0.016302 seconds.
- Loaded All Assemblies, in  0.499 seconds
Native extension for UWP target not found
Native extension for WindowsStandalone target not found
[usbmuxd] Start listen thread
[usbmuxd] Listen thread started
Native extension for iOS target not found
Native extension for Android target not found
Android Extension - Scanning For ADB Devices 379 ms
Mono: successfully reloaded assembly
- Finished resetting the current domain, in  0.751 seconds
Domain Reload Profiling: 1247ms
	BeginReloadAssembly (114ms)
		ExecutionOrderSort (0ms)
		DisableScriptedObjects (0ms)
		BackupInstance (0ms)
		ReleaseScriptingObjects (0ms)
		CreateAndSetChildDomain (1ms)
	RebuildCommonClasses (51ms)
	RebuildNativeTypeToScriptingClass (16ms)
	initialDomainReloadingComplete (85ms)
	LoadAllAssembliesAndSetupDomain (230ms)
		LoadAssemblies (113ms)
		RebuildTransferFunctionScriptingTraits (0ms)
		AnalyzeDomain (222ms)
			TypeCache.Refresh (221ms)
				TypeCache.ScanAssembly (206ms)
			ScanForSourceGeneratedMonoScriptInfo (0ms)
			ResolveRequiredComponents (1ms)
	FinalizeReload (751ms)
		ReleaseScriptCaches (0ms)
		RebuildScriptCaches (0ms)
		SetupLoadedEditorAssemblies (682ms)
			LogAssemblyErrors (0ms)
			InitializePlatformSupportModulesInManaged (528ms)
			SetLoadedEditorAssemblies (4ms)
			RefreshPlugins (0ms)
			BeforeProcessingInitializeOnLoad (2ms)
			ProcessInitializeOnLoadAttributes (99ms)
			ProcessInitializeOnLoadMethodAttributes (48ms)
			AfterProcessingInitializeOnLoad (0ms)
			EditorAssembliesLoaded (0ms)
		ExecutionOrderSort2 (0ms)
		AwakeInstancesAfterBackupRestoration (0ms)
========================================================================
Worker process is ready to serve import requests
Begin MonoManager ReloadAssembly
Symbol file LoadedFromMemory doesn't match image D:\git projects\etheb\Erase-the--DnD--borders-\unity\etb\Library\PackageCache\com.unity.visualscripting@1.8.0\Editor\VisualScripting.Core\Dependencies\YamlDotNet\Unity.VisualScripting.YamlDotNet.dll
Symbol file LoadedFromMemory doesn't match image D:\git projects\etheb\Erase-the--DnD--borders-\unity\etb\Library\PackageCache\com.unity.visualscripting@1.8.0\Editor\VisualScripting.Core\Dependencies\DotNetZip\Unity.VisualScripting.IonicZip.dll
- Loaded All Assemblies, in  0.814 seconds
Refreshing native plugins compatible for Editor in 2.20 ms, found 3 plugins.
Native extension for UWP target not found
Native extension for WindowsStandalone target not found
Native extension for iOS target not found
Native extension for Android target not found
Mono: successfully reloaded assembly
- Finished resetting the current domain, in  0.625 seconds
Domain Reload Profiling: 1437ms
	BeginReloadAssembly (135ms)
		ExecutionOrderSort (0ms)
		DisableScriptedObjects (6ms)
		BackupInstance (0ms)
		ReleaseScriptingObjects (0ms)
		CreateAndSetChildDomain (23ms)
	RebuildCommonClasses (40ms)
	RebuildNativeTypeToScriptingClass (12ms)
	initialDomainReloadingComplete (42ms)
	LoadAllAssembliesAndSetupDomain (583ms)
		LoadAssemblies (297ms)
		RebuildTransferFunctionScriptingTraits (0ms)
		AnalyzeDomain (351ms)
			TypeCache.Refresh (328ms)
				TypeCache.ScanAssembly (314ms)
			ScanForSourceGeneratedMonoScriptInfo (18ms)
			ResolveRequiredComponents (5ms)
	FinalizeReload (626ms)
		ReleaseScriptCaches (0ms)
		RebuildScriptCaches (0ms)
		SetupLoadedEditorAssemblies (449ms)
			LogAssemblyErrors (0ms)
			InitializePlatformSupportModulesInManaged (34ms)
			SetLoadedEditorAssemblies (4ms)
			RefreshPlugins (0ms)
			BeforeProcessingInitializeOnLoad (61ms)
			ProcessInitializeOnLoadAttributes (316ms)
			ProcessInitializeOnLoadMethodAttributes (26ms)
			AfterProcessingInitializeOnLoad (8ms)
			EditorAssembliesLoaded (0ms)
		ExecutionOrderSort2 (0ms)
		AwakeInstancesAfterBackupRestoration (8ms)
Launched and connected shader compiler UnityShaderCompiler.exe after 0.06 seconds
Refreshing native plugins compatible for Editor in 2.30 ms, found 3 plugins.
Preloading 0 native plugins for Editor in 0.00 ms.
Unloading 3623 Unused Serialized files (Serialized files now loaded: 0)
Unloading 51 unused Assets / (130.2 KB). Loaded Objects now: 4093.
Memory consumption went from 135.0 MB to 134.9 MB.
Total: 4.681300 ms (FindLiveObjects: 0.414000 ms CreateObjectMapping: 0.111600 ms MarkObjects: 4.005500 ms  DeleteObjects: 0.149200 ms)

AssetImportParameters requested are different than current active one (requested -> active):
  custom:container-demuxer-ogg: 62fdf1f143b41e24485cea50d1cbac27 -> 
  custom:video-decoder-ogg-theora: a1e56fd34408186e4bbccfd4996cb3dc -> 
  custom:framework-win-MediaFoundation: 216162199b28c13a410421893ffa2e32 -> 
  custom:CustomObjectIndexerAttribute: 756ad292c208cfabdd7b50bc23989ffe -> 
  custom:container-demuxer-webm: 4f35f7cbe854078d1ac9338744f61a02 -> 
  custom:container-muxer-webm: aa71ff27fc2769a1b78a27578f13a17b -> 
  custom:video-decoder-webm-vp8: 9c59270c3fd7afecdb556c50c9e8de78 -> 
  custom:SearchIndexIgnoredProperties: e643bd26f0fe6173181afceb89e7c659 -> 
  custom:AudioImporter_EditorPlatform: d09bf68614088b80899f8185d706f6e7 -> 
  custom:video-encoder-webm-vp8: eb34c28f22e8b96e1ab97ce403110664 -> 
  custom:audio-decoder-ogg-vorbis: bf7c407c2cedff20999df2af8eb42d56 -> 
  custom:audio-encoder-webm-vorbis: bf7c407c2cedff20999df2af8eb42d56 -> 
========================================================================
Received Import Request.
  Time since last request: 23861.199650 seconds.
  path: Assets/Texture/brick.jpg
  artifactKey: Guid(b3126bcb23a8eca4988b5b3b8ab4fa60) Importer(815301076,1909f56bfc062723c751e8b465ee728b)
Start importing Assets/Texture/brick.jpg using Guid(b3126bcb23a8eca4988b5b3b8ab4fa60) Importer(815301076,1909f56bfc062723c751e8b465ee728b)  -> (artifact id: 'f2dd9fb779fd5fd03eac492f46c91b89') in 0.244909 seconds
Number of updated asset objects reloaded before import = 0
Number of asset objects unloaded after import = 2
========================================================================
Received Import Request.
  Time since last request: 0.000027 seconds.
  path: Assets/Texture/универсдерево.png
  artifactKey: Guid(e96cfe5f68a632a49b7ef77787dd0c0a) Importer(815301076,1909f56bfc062723c751e8b465ee728b)
Start importing Assets/Texture/универсдерево.png using Guid(e96cfe5f68a632a49b7ef77787dd0c0a) Importer(815301076,1909f56bfc062723c751e8b465ee728b)  -> (artifact id: 'e6d9ff9bb892522765871faecb392b05') in 0.021781 seconds
Number of updated asset objects reloaded before import = 0
Number of asset objects unloaded after import = 2
========================================================================
Received Import Request.
  Time since last request: 0.000033 seconds.
  path: Assets/Texture/бочка1.png
  artifactKey: Guid(15e1927957083524a832c15b576b3ec1) Importer(815301076,1909f56bfc062723c751e8b465ee728b)
Start importing Assets/Texture/бочка1.png using Guid(15e1927957083524a832c15b576b3ec1) Importer(815301076,1909f56bfc062723c751e8b465ee728b)  -> (artifact id: '8e7b3038032dc4eabc9b1495c9eb9356') in 0.021170 seconds
Number of updated asset objects reloaded before import = 0
Number of asset objects unloaded after import = 2
========================================================================
Received Import Request.
  Time since last request: 0.000020 seconds.
  path: Assets/Texture/дверь2.png
  artifactKey: Guid(fb726c5408a4aa04485afac6cbb294d2) Importer(815301076,1909f56bfc062723c751e8b465ee728b)
Start importing Assets/Texture/дверь2.png using Guid(fb726c5408a4aa04485afac6cbb294d2) Importer(815301076,1909f56bfc062723c751e8b465ee728b)  -> (artifact id: '7dc36610cf1aca3bede8eebb4cba8f37') in 0.019157 seconds
Number of updated asset objects reloaded before import = 0
Number of asset objects unloaded after import = 2
========================================================================
Received Import Request.
  Time since last request: 0.000017 seconds.
  path: Assets/Texture/бочка3.png
  artifactKey: Guid(159335fe38e87cd418f8d3d4773880f2) Importer(815301076,1909f56bfc062723c751e8b465ee728b)
Start importing Assets/Texture/бочка3.png using Guid(159335fe38e87cd418f8d3d4773880f2) Importer(815301076,1909f56bfc062723c751e8b465ee728b)  -> (artifact id: '0d4d53becd08dd6dd1389c906c5c459c') in 0.020289 seconds
Number of updated asset objects reloaded before import = 0
Number of asset objects unloaded after import = 2
========================================================================
Received Import Request.
  Time since last request: 0.000021 seconds.
  path: Assets/Texture/окно1.png
  artifactKey: Guid(bb9a2c205a5c54d44b310990e57ae5e0) Importer(815301076,1909f56bfc062723c751e8b465ee728b)
Start importing Assets/Texture/окно1.png using Guid(bb9a2c205a5c54d44b310990e57ae5e0) Importer(815301076,1909f56bfc062723c751e8b465ee728b)  -> (artifact id: '6673ed597dfce1699078953e59e5ef86') in 0.019726 seconds
Number of updated asset objects reloaded before import = 0
Number of asset objects unloaded after import = 2
========================================================================
Received Import Request.
  Time since last request: 0.000038 seconds.
  path: Assets/Texture/тумбочка.png
  artifactKey: Guid(235f91ea17ea4b4438818fec79940d60) Importer(815301076,1909f56bfc062723c751e8b465ee728b)
Start importing Assets/Texture/тумбочка.png using Guid(235f91ea17ea4b4438818fec79940d60) Importer(815301076,1909f56bfc062723c751e8b465ee728b)  -> (artifact id: 'e0e5c23e57bfda651e57d50b951df1c0') in 0.017578 seconds
Number of updated asset objects reloaded before import = 0
Number of asset objects unloaded after import = 2
========================================================================
Received Import Request.
  Time since last request: 60.294878 seconds.
  path: Assets/Prefabs/furniture/bar_mod.fbx
  artifactKey: Guid(bb51e76bd0065e745a6215c4e4e6a186) Importer(815301076,1909f56bfc062723c751e8b465ee728b)
Start importing Assets/Prefabs/furniture/bar_mod.fbx using Guid(bb51e76bd0065e745a6215c4e4e6a186) Importer(815301076,1909f56bfc062723c751e8b465ee728b)  -> (artifact id: '8f950088020f95ad00020dfc125727b9') in 0.109063 seconds
Number of updated asset objects reloaded before import = 0
Number of asset objects unloaded after import = 9
========================================================================
Received Import Request.
  Time since last request: 0.000025 seconds.
  path: Assets/Prefabs/furniture/cabinet_mod.fbx
  artifactKey: Guid(955b90b52e1a52a47a7f1785603b3e79) Importer(815301076,1909f56bfc062723c751e8b465ee728b)
Start importing Assets/Prefabs/furniture/cabinet_mod.fbx using Guid(955b90b52e1a52a47a7f1785603b3e79) Importer(815301076,1909f56bfc062723c751e8b465ee728b)  -> (artifact id: '730a19cdf9ed49d0f9fc5d5967be721f') in 0.127460 seconds
Number of updated asset objects reloaded before import = 0
Number of asset objects unloaded after import = 57
========================================================================
Received Import Request.
  Time since last request: 0.000019 seconds.
  path: Assets/Prefabs/furniture/window_mod.fbx
  artifactKey: Guid(8a47cb6865a22134daa87738c38c134a) Importer(815301076,1909f56bfc062723c751e8b465ee728b)
Start importing Assets/Prefabs/furniture/window_mod.fbx using Guid(8a47cb6865a22134daa87738c38c134a) Importer(815301076,1909f56bfc062723c751e8b465ee728b)  -> (artifact id: '4b43e90b853c30af1b73936fe75e24f4') in 0.110090 seconds
Number of updated asset objects reloaded before import = 0
Number of asset objects unloaded after import = 48
========================================================================
Received Import Request.
  Time since last request: 0.000035 seconds.
  path: Assets/Prefabs/furniture/door_mod.fbx
  artifactKey: Guid(ecae2bf1187f28d4eb86e529ba3f5ac1) Importer(815301076,1909f56bfc062723c751e8b465ee728b)
Start importing Assets/Prefabs/furniture/door_mod.fbx using Guid(ecae2bf1187f28d4eb86e529ba3f5ac1) Importer(815301076,1909f56bfc062723c751e8b465ee728b)  -> (artifact id: '4a2b55691c4ed80b6071104e0bf59da3') in 0.044830 seconds
Number of updated asset objects reloaded before import = 0
Number of asset objects unloaded after import = 12
========================================================================
Received Import Request.
  Time since last request: 0.000034 seconds.
  path: Assets/Prefabs/furniture/stool_mod.fbx
  artifactKey: Guid(ca1f76bcc88d2c74ba57b122f4480d26) Importer(815301076,1909f56bfc062723c751e8b465ee728b)
Start importing Assets/Prefabs/furniture/stool_mod.fbx using Guid(ca1f76bcc88d2c74ba57b122f4480d26) Importer(815301076,1909f56bfc062723c751e8b465ee728b)  -> (artifact id: '0a419ae3930d885040f7815b32f7cb84') in 0.032808 seconds
Number of updated asset objects reloaded before import = 0
Number of asset objects unloaded after import = 9
========================================================================
Received Import Request.
  Time since last request: 1.474431 seconds.
  path: Assets/Prefabs/tex
  artifactKey: Guid(7864d8b6165d8cc4488bbaf18650d338) Importer(815301076,1909f56bfc062723c751e8b465ee728b)
Start importing Assets/Prefabs/tex using Guid(7864d8b6165d8cc4488bbaf18650d338) Importer(815301076,1909f56bfc062723c751e8b465ee728b)  -> (artifact id: '9ce3b7812bb422be9872eff51e1780ed') in 0.000546 seconds
Number of updated asset objects reloaded before import = 0
Number of asset objects unloaded after import = 0
========================================================================
Received Import Request.
  Time since last request: 3484.762898 seconds.
  path: Assets/Prefabs/furniture/tex/brick.jpg
  artifactKey: Guid(56cfa260bd6156042beac707f2c822f0) Importer(815301076,1909f56bfc062723c751e8b465ee728b)
Start importing Assets/Prefabs/furniture/tex/brick.jpg using Guid(56cfa260bd6156042beac707f2c822f0) Importer(815301076,1909f56bfc062723c751e8b465ee728b)  -> (artifact id: '8d964312b5dece7b65817536f3f11793') in 0.041038 seconds
Number of updated asset objects reloaded before import = 0
Number of asset objects unloaded after import = 2
========================================================================
Received Import Request.
  Time since last request: 0.000046 seconds.
  path: Assets/Prefabs/furniture/tex/дверь2.png
  artifactKey: Guid(86f8232f837f6c9498e6efff95ec198c) Importer(815301076,1909f56bfc062723c751e8b465ee728b)
Start importing Assets/Prefabs/furniture/tex/дверь2.png using Guid(86f8232f837f6c9498e6efff95ec198c) Importer(815301076,1909f56bfc062723c751e8b465ee728b)  -> (artifact id: '8fefc1f94aa94dbbfffd9588adfd178b') in 0.024599 seconds
Number of updated asset objects reloaded before import = 0
Number of asset objects unloaded after import = 2
========================================================================
Received Import Request.
  Time since last request: 0.000021 seconds.
  path: Assets/Prefabs/furniture/tex/универсдерево.png
  artifactKey: Guid(ddb21a20338c2714cb1b9c69d0b4b8de) Importer(815301076,1909f56bfc062723c751e8b465ee728b)
Start importing Assets/Prefabs/furniture/tex/универсдерево.png using Guid(ddb21a20338c2714cb1b9c69d0b4b8de) Importer(815301076,1909f56bfc062723c751e8b465ee728b)  -> (artifact id: '25fa2ea801e292d4b2d986ab91201f42') in 0.022164 seconds
Number of updated asset objects reloaded before import = 0
Number of asset objects unloaded after import = 2
========================================================================
Received Import Request.
  Time since last request: 0.000016 seconds.
  path: Assets/Prefabs/furniture/tex/дверь1.png
  artifactKey: Guid(b9793e42b232b034fb2f88353202ed02) Importer(815301076,1909f56bfc062723c751e8b465ee728b)
Start importing Assets/Prefabs/furniture/tex/дверь1.png using Guid(b9793e42b232b034fb2f88353202ed02) Importer(815301076,1909f56bfc062723c751e8b465ee728b)  -> (artifact id: 'a0d1f76533fd62336bbe460477ca06db') in 0.021710 seconds
Number of updated asset objects reloaded before import = 0
Number of asset objects unloaded after import = 2
========================================================================
Received Import Request.
  Time since last request: 0.000026 seconds.
  path: Assets/Prefabs/furniture/tex/стенадоски.png
  artifactKey: Guid(f154f35af1743cd4fb05f80b40615ff3) Importer(815301076,1909f56bfc062723c751e8b465ee728b)
Start importing Assets/Prefabs/furniture/tex/стенадоски.png using Guid(f154f35af1743cd4fb05f80b40615ff3) Importer(815301076,1909f56bfc062723c751e8b465ee728b)  -> (artifact id: '79502044b9682dae86e047af276238a1') in 0.016339 seconds
Number of updated asset objects reloaded before import = 0
Number of asset objects unloaded after import = 2
========================================================================
Received Import Request.
  Time since last request: 0.000025 seconds.
  path: Assets/Prefabs/furniture/tex/чашка2.png
  artifactKey: Guid(c42ee1b1368515049b8500ae89c53ca2) Importer(815301076,1909f56bfc062723c751e8b465ee728b)
Start importing Assets/Prefabs/furniture/tex/чашка2.png using Guid(c42ee1b1368515049b8500ae89c53ca2) Importer(815301076,1909f56bfc062723c751e8b465ee728b)  -> (artifact id: '4b5848b9ee91dd42dddc7857c757ed5b') in 0.028651 seconds
Number of updated asset objects reloaded before import = 0
Number of asset objects unloaded after import = 2
========================================================================
Received Import Request.
  Time since last request: 0.000025 seconds.
  path: Assets/Prefabs/furniture/tex/тумбочка.png
  artifactKey: Guid(09efc3e779822ce41a456a8f3fe830e1) Importer(815301076,1909f56bfc062723c751e8b465ee728b)
Start importing Assets/Prefabs/furniture/tex/тумбочка.png using Guid(09efc3e779822ce41a456a8f3fe830e1) Importer(815301076,1909f56bfc062723c751e8b465ee728b)  -> (artifact id: '49a5486be19030ba30be3019e7fed35f') in 0.037491 seconds
Number of updated asset objects reloaded before import = 0
Number of asset objects unloaded after import = 2
========================================================================
Received Import Request.
  Time since last request: 0.000019 seconds.
  path: Assets/Prefabs/furniture/tex/окно3.png
  artifactKey: Guid(54614b3eda6ce284f91b5c10da3dce2b) Importer(815301076,1909f56bfc062723c751e8b465ee728b)
Start importing Assets/Prefabs/furniture/tex/окно3.png using Guid(54614b3eda6ce284f91b5c10da3dce2b) Importer(815301076,1909f56bfc062723c751e8b465ee728b)  -> (artifact id: '3b432e7422d8f6d5cb7ef424903f9f7a') in 0.020103 seconds
Number of updated asset objects reloaded before import = 0
Number of asset objects unloaded after import = 2
========================================================================
Received Import Request.
  Time since last request: 0.000026 seconds.
  path: Assets/Prefabs/furniture/tex/ботинки.png
  artifactKey: Guid(57c36cefc179b854388f40da3e158734) Importer(815301076,1909f56bfc062723c751e8b465ee728b)
Start importing Assets/Prefabs/furniture/tex/ботинки.png using Guid(57c36cefc179b854388f40da3e158734) Importer(815301076,1909f56bfc062723c751e8b465ee728b)  -> (artifact id: 'e768559f3503229e50434b059340a6d7') in 0.022724 seconds
Number of updated asset objects reloaded before import = 0
Number of asset objects unloaded after import = 2
========================================================================
Received Import Request.
  Time since last request: 0.000027 seconds.
  path: Assets/Prefabs/furniture/tex/бочка2.png
  artifactKey: Guid(16f82d7932691c04cbb42eca3379c97c) Importer(815301076,1909f56bfc062723c751e8b465ee728b)
Start importing Assets/Prefabs/furniture/tex/бочка2.png using Guid(16f82d7932691c04cbb42eca3379c97c) Importer(815301076,1909f56bfc062723c751e8b465ee728b)  -> (artifact id: '20758000d935342052545ddd29cfcbbf') in 0.015320 seconds
Number of updated asset objects reloaded before import = 0
Number of asset objects unloaded after import = 2
========================================================================
Received Import Request.
  Time since last request: 0.000016 seconds.
  path: Assets/Prefabs/furniture/tex/шкаф1.png
  artifactKey: Guid(8f56eeb3588787a47879c27ffe8fcdcc) Importer(815301076,1909f56bfc062723c751e8b465ee728b)
Start importing Assets/Prefabs/furniture/tex/шкаф1.png using Guid(8f56eeb3588787a47879c27ffe8fcdcc) Importer(815301076,1909f56bfc062723c751e8b465ee728b)  -> (artifact id: 'e9509d64f2ed0606a84840724a4d8b36') in 0.022684 seconds
Number of updated asset objects reloaded before import = 0
Number of asset objects unloaded after import = 2
========================================================================
Received Prepare
Begin MonoManager ReloadAssembly
Symbol file LoadedFromMemory doesn't match image D:\git projects\etheb\Erase-the--DnD--borders-\unity\etb\Library\PackageCache\com.unity.visualscripting@1.8.0\Editor\VisualScripting.Core\Dependencies\YamlDotNet\Unity.VisualScripting.YamlDotNet.dll
Symbol file LoadedFromMemory doesn't match image D:\git projects\etheb\Erase-the--DnD--borders-\unity\etb\Library\PackageCache\com.unity.visualscripting@1.8.0\Editor\VisualScripting.Core\Dependencies\DotNetZip\Unity.VisualScripting.IonicZip.dll
- Loaded All Assemblies, in  1.037 seconds
Refreshing native plugins compatible for Editor in 3.36 ms, found 3 plugins.
Native extension for UWP target not found
Native extension for WindowsStandalone target not found
Native extension for iOS target not found
Native extension for Android target not found
Mono: successfully reloaded assembly
- Finished resetting the current domain, in  0.981 seconds
Domain Reload Profiling: 2016ms
	BeginReloadAssembly (213ms)
		ExecutionOrderSort (0ms)
		DisableScriptedObjects (6ms)
		BackupInstance (0ms)
		ReleaseScriptingObjects (0ms)
		CreateAndSetChildDomain (70ms)
	RebuildCommonClasses (55ms)
	RebuildNativeTypeToScriptingClass (12ms)
	initialDomainReloadingComplete (33ms)
	LoadAllAssembliesAndSetupDomain (720ms)
		LoadAssemblies (441ms)
		RebuildTransferFunctionScriptingTraits (0ms)
		AnalyzeDomain (374ms)
			TypeCache.Refresh (366ms)
				TypeCache.ScanAssembly (346ms)
			ScanForSourceGeneratedMonoScriptInfo (0ms)
			ResolveRequiredComponents (8ms)
	FinalizeReload (982ms)
		ReleaseScriptCaches (0ms)
		RebuildScriptCaches (0ms)
		SetupLoadedEditorAssemblies (506ms)
			LogAssemblyErrors (0ms)
			InitializePlatformSupportModulesInManaged (45ms)
			SetLoadedEditorAssemblies (4ms)
			RefreshPlugins (0ms)
			BeforeProcessingInitializeOnLoad (74ms)
			ProcessInitializeOnLoadAttributes (340ms)
			ProcessInitializeOnLoadMethodAttributes (33ms)
			AfterProcessingInitializeOnLoad (10ms)
			EditorAssembliesLoaded (0ms)
		ExecutionOrderSort2 (0ms)
		AwakeInstancesAfterBackupRestoration (6ms)
Refreshing native plugins compatible for Editor in 2.05 ms, found 3 plugins.
Preloading 0 native plugins for Editor in 0.00 ms.
Unloading 3611 Unused Serialized files (Serialized files now loaded: 0)
Unloading 24 unused Assets / (102.3 KB). Loaded Objects now: 4152.
Memory consumption went from 132.7 MB to 132.6 MB.
Total: 4.338100 ms (FindLiveObjects: 0.409900 ms CreateObjectMapping: 0.132900 ms MarkObjects: 3.712200 ms  DeleteObjects: 0.080200 ms)

Prepare: number of updated asset objects reloaded= 0
AssetImportParameters requested are different than current active one (requested -> active):
  custom:container-demuxer-ogg: 62fdf1f143b41e24485cea50d1cbac27 -> 
  custom:video-decoder-ogg-theora: a1e56fd34408186e4bbccfd4996cb3dc -> 
  custom:framework-win-MediaFoundation: 216162199b28c13a410421893ffa2e32 -> 
  custom:CustomObjectIndexerAttribute: 756ad292c208cfabdd7b50bc23989ffe -> 
  custom:container-demuxer-webm: 4f35f7cbe854078d1ac9338744f61a02 -> 
  custom:container-muxer-webm: aa71ff27fc2769a1b78a27578f13a17b -> 
  custom:video-decoder-webm-vp8: 9c59270c3fd7afecdb556c50c9e8de78 -> 
  custom:SearchIndexIgnoredProperties: e643bd26f0fe6173181afceb89e7c659 -> 
  custom:AudioImporter_EditorPlatform: d09bf68614088b80899f8185d706f6e7 -> 
  custom:video-encoder-webm-vp8: eb34c28f22e8b96e1ab97ce403110664 -> 
  custom:audio-decoder-ogg-vorbis: bf7c407c2cedff20999df2af8eb42d56 -> 
  custom:audio-encoder-webm-vorbis: bf7c407c2cedff20999df2af8eb42d56 -> 
