Using pre-set license
Built from '2022.3/staging' branch; Version is '2022.3.6f1 (b9e6e7e9fa2d) revision 12183271'; Using compiler version '192829333'; Build Type 'Release'
OS: 'Windows 10  (10.0.19045) 64bit Professional' Language: 'ru' Physical Memory: 16086 MB
BatchMode: 1, IsHumanControllingUs: 0, StartBugReporterOnCrash: 0, Is64bit: 1, IsPro: 1

COMMAND LINE ARGUMENTS:
E:\Programs\2022.3.6f1\Editor\Unity.exe
-adb2
-batchMode
-noUpm
-name
AssetImportWorker0
-projectPath
E:/Repository GitKraken/Erase-the--DnD--borders-/unity/etb
-logFile
Logs/AssetImportWorker0.log
-srvPort
61469
Successfully changed project path to: E:/Repository GitKraken/Erase-the--DnD--borders-/unity/etb
E:/Repository GitKraken/Erase-the--DnD--borders-/unity/etb
[UnityMemory] Configuration Parameters - Can be set up in boot.config
    "memorysetup-bucket-allocator-granularity=16"
    "memorysetup-bucket-allocator-bucket-count=8"
    "memorysetup-bucket-allocator-block-size=33554432"
    "memorysetup-bucket-allocator-block-count=8"
    "memorysetup-main-allocator-block-size=16777216"
    "memorysetup-thread-allocator-block-size=16777216"
    "memorysetup-gfx-main-allocator-block-size=16777216"
    "memorysetup-gfx-thread-allocator-block-size=16777216"
    "memorysetup-cache-allocator-block-size=4194304"
    "memorysetup-typetree-allocator-block-size=2097152"
    "memorysetup-profiler-bucket-allocator-granularity=16"
    "memorysetup-profiler-bucket-allocator-bucket-count=8"
    "memorysetup-profiler-bucket-allocator-block-size=33554432"
    "memorysetup-profiler-bucket-allocator-block-count=8"
    "memorysetup-profiler-allocator-block-size=16777216"
    "memorysetup-profiler-editor-allocator-block-size=1048576"
    "memorysetup-temp-allocator-size-main=16777216"
    "memorysetup-job-temp-allocator-block-size=2097152"
    "memorysetup-job-temp-allocator-block-size-background=1048576"
    "memorysetup-job-temp-allocator-reduction-small-platforms=262144"
    "memorysetup-allocator-temp-initial-block-size-main=262144"
    "memorysetup-allocator-temp-initial-block-size-worker=262144"
    "memorysetup-temp-allocator-size-background-worker=32768"
    "memorysetup-temp-allocator-size-job-worker=262144"
    "memorysetup-temp-allocator-size-preload-manager=33554432"
    "memorysetup-temp-allocator-size-nav-mesh-worker=65536"
    "memorysetup-temp-allocator-size-audio-worker=65536"
    "memorysetup-temp-allocator-size-cloud-worker=32768"
    "memorysetup-temp-allocator-size-gi-baking-worker=262144"
    "memorysetup-temp-allocator-size-gfx=262144"
Player connection [18592] Host "[IP] 10.8.21.41 [Port] 0 [Flags] 2 [Guid] 3847092411 [EditorId] 3847092411 [Version] 1048832 [Id] WindowsEditor(7,DESKTOP-UOGGVBJ) [Debug] 1 [PackageName] WindowsEditor [ProjectName] Editor" joined multi-casting on [225.0.0.222:54997]...

Player connection [18592] Host "[IP] 10.8.21.41 [Port] 0 [Flags] 2 [Guid] 3847092411 [EditorId] 3847092411 [Version] 1048832 [Id] WindowsEditor(7,DESKTOP-UOGGVBJ) [Debug] 1 [PackageName] WindowsEditor [ProjectName] Editor" joined alternative multi-casting on [225.0.0.222:34997]...

Refreshing native plugins compatible for Editor in 6.00 ms, found 3 plugins.
Preloading 0 native plugins for Editor in 0.00 ms.
Initialize engine version: 2022.3.6f1 (b9e6e7e9fa2d)
[Subsystems] Discovering subsystems at path E:/Programs/2022.3.6f1/Editor/Data/Resources/UnitySubsystems
[Subsystems] Discovering subsystems at path E:/Repository GitKraken/Erase-the--DnD--borders-/unity/etb/Assets
GfxDevice: creating device client; threaded=0; jobified=0
Direct3D:
    Version:  Direct3D 11.0 [level 11.1]
    Renderer: NVIDIA GeForce RTX 3050 Laptop GPU (ID=0x25a2)
    Vendor:   NVIDIA
    VRAM:     3980 MB
    Driver:   31.0.15.4592
Initialize mono
Mono path[0] = 'E:/Programs/2022.3.6f1/Editor/Data/Managed'
Mono path[1] = 'E:/Programs/2022.3.6f1/Editor/Data/MonoBleedingEdge/lib/mono/unityjit-win32'
Mono config path = 'E:/Programs/2022.3.6f1/Editor/Data/MonoBleedingEdge/etc'
Using monoOptions --debugger-agent=transport=dt_socket,embedding=1,server=y,suspend=n,address=127.0.0.1:56360
Begin MonoManager ReloadAssembly
Registering precompiled unity dll's ...
Register platform support module: E:/Programs/2022.3.6f1/Editor/Data/PlaybackEngines/WindowsStandaloneSupport/UnityEditor.WindowsStandalone.Extensions.dll
Registered in 0.004147 seconds.
- Loaded All Assemblies, in  0.387 seconds
Native extension for WindowsStandalone target not found
Mono: successfully reloaded assembly
- Finished resetting the current domain, in  0.351 seconds
Domain Reload Profiling: 738ms
	BeginReloadAssembly (109ms)
		ExecutionOrderSort (0ms)
		DisableScriptedObjects (0ms)
		BackupInstance (0ms)
		ReleaseScriptingObjects (0ms)
		CreateAndSetChildDomain (1ms)
	RebuildCommonClasses (38ms)
	RebuildNativeTypeToScriptingClass (13ms)
	initialDomainReloadingComplete (63ms)
	LoadAllAssembliesAndSetupDomain (164ms)
		LoadAssemblies (107ms)
		RebuildTransferFunctionScriptingTraits (0ms)
		AnalyzeDomain (160ms)
			TypeCache.Refresh (159ms)
				TypeCache.ScanAssembly (145ms)
			ScanForSourceGeneratedMonoScriptInfo (1ms)
			ResolveRequiredComponents (1ms)
	FinalizeReload (352ms)
		ReleaseScriptCaches (0ms)
		RebuildScriptCaches (0ms)
		SetupLoadedEditorAssemblies (271ms)
			LogAssemblyErrors (0ms)
			InitializePlatformSupportModulesInManaged (11ms)
			SetLoadedEditorAssemblies (11ms)
			RefreshPlugins (0ms)
			BeforeProcessingInitializeOnLoad (3ms)
			ProcessInitializeOnLoadAttributes (183ms)
			ProcessInitializeOnLoadMethodAttributes (62ms)
			AfterProcessingInitializeOnLoad (0ms)
			EditorAssembliesLoaded (0ms)
		ExecutionOrderSort2 (0ms)
		AwakeInstancesAfterBackupRestoration (0ms)
========================================================================
Worker process is ready to serve import requests
Begin MonoManager ReloadAssembly
Symbol file LoadedFromMemory doesn't match image E:\Repository GitKraken\Erase-the--DnD--borders-\unity\etb\Library\PackageCache\com.unity.visualscripting@1.8.0\Editor\VisualScripting.Core\Dependencies\YamlDotNet\Unity.VisualScripting.YamlDotNet.dll
Symbol file LoadedFromMemory doesn't match image E:\Repository GitKraken\Erase-the--DnD--borders-\unity\etb\Library\PackageCache\com.unity.visualscripting@1.8.0\Editor\VisualScripting.Core\Dependencies\DotNetZip\Unity.VisualScripting.IonicZip.dll
- Loaded All Assemblies, in  0.817 seconds
Refreshing native plugins compatible for Editor in 2.38 ms, found 3 plugins.
Native extension for WindowsStandalone target not found
Mono: successfully reloaded assembly
- Finished resetting the current domain, in  0.583 seconds
Domain Reload Profiling: 1400ms
	BeginReloadAssembly (151ms)
		ExecutionOrderSort (0ms)
		DisableScriptedObjects (7ms)
		BackupInstance (0ms)
		ReleaseScriptingObjects (0ms)
		CreateAndSetChildDomain (23ms)
	RebuildCommonClasses (38ms)
	RebuildNativeTypeToScriptingClass (13ms)
	initialDomainReloadingComplete (47ms)
	LoadAllAssembliesAndSetupDomain (567ms)
		LoadAssemblies (301ms)
		RebuildTransferFunctionScriptingTraits (0ms)
		AnalyzeDomain (343ms)
			TypeCache.Refresh (322ms)
				TypeCache.ScanAssembly (309ms)
			ScanForSourceGeneratedMonoScriptInfo (17ms)
			ResolveRequiredComponents (4ms)
	FinalizeReload (584ms)
		ReleaseScriptCaches (0ms)
		RebuildScriptCaches (0ms)
		SetupLoadedEditorAssemblies (404ms)
			LogAssemblyErrors (0ms)
			InitializePlatformSupportModulesInManaged (5ms)
			SetLoadedEditorAssemblies (5ms)
			RefreshPlugins (0ms)
			BeforeProcessingInitializeOnLoad (61ms)
			ProcessInitializeOnLoadAttributes (304ms)
			ProcessInitializeOnLoadMethodAttributes (26ms)
			AfterProcessingInitializeOnLoad (3ms)
			EditorAssembliesLoaded (0ms)
		ExecutionOrderSort2 (0ms)
		AwakeInstancesAfterBackupRestoration (8ms)
Launched and connected shader compiler UnityShaderCompiler.exe after 0.05 seconds
Refreshing native plugins compatible for Editor in 2.01 ms, found 3 plugins.
Preloading 0 native plugins for Editor in 0.00 ms.
Unloading 3068 Unused Serialized files (Serialized files now loaded: 0)
Unloading 31 unused Assets / (56.3 KB). Loaded Objects now: 3534.
Memory consumption went from 117.2 MB to 117.1 MB.
Total: 3.870600 ms (FindLiveObjects: 0.286900 ms CreateObjectMapping: 0.102800 ms MarkObjects: 3.337200 ms  DeleteObjects: 0.141700 ms)

AssetImportParameters requested are different than current active one (requested -> active):
  custom:container-demuxer-ogg: 62fdf1f143b41e24485cea50d1cbac27 -> 
  custom:video-decoder-ogg-theora: a1e56fd34408186e4bbccfd4996cb3dc -> 
  custom:framework-win-MediaFoundation: 216162199b28c13a410421893ffa2e32 -> 
  custom:CustomObjectIndexerAttribute: 756ad292c208cfabdd7b50bc23989ffe -> 
  custom:container-demuxer-webm: 4f35f7cbe854078d1ac9338744f61a02 -> 
  custom:container-muxer-webm: aa71ff27fc2769a1b78a27578f13a17b -> 
  custom:video-decoder-webm-vp8: 9c59270c3fd7afecdb556c50c9e8de78 -> 
  custom:SearchIndexIgnoredProperties: e643bd26f0fe6173181afceb89e7c659 -> 
  custom:AudioImporter_EditorPlatform: d09bf68614088b80899f8185d706f6e7 -> 
  custom:video-encoder-webm-vp8: eb34c28f22e8b96e1ab97ce403110664 -> 
  custom:audio-decoder-ogg-vorbis: bf7c407c2cedff20999df2af8eb42d56 -> 
  custom:audio-encoder-webm-vorbis: bf7c407c2cedff20999df2af8eb42d56 -> 
========================================================================
Received Import Request.
  Time since last request: 167495.894014 seconds.
  path: Assets/Scenes/Колода карт.fbx
  artifactKey: Guid(d1f74d7702aced1479c8bb7f374add06) Importer(815301076,1909f56bfc062723c751e8b465ee728b)
Start importing Assets/Scenes/Колода карт.fbx using Guid(d1f74d7702aced1479c8bb7f374add06) Importer(815301076,1909f56bfc062723c751e8b465ee728b)  -> (artifact id: '52d01d2999a0654eaa82990c37da4cdc') in 0.192314 seconds
Number of updated asset objects reloaded before import = 0
Number of asset objects unloaded after import = 16
========================================================================
Received Import Request.
  Time since last request: 34.490264 seconds.
  path: Assets/Scenes/Колода карт.fbx
  artifactKey: Guid(d1f74d7702aced1479c8bb7f374add06) Importer(815301076,1909f56bfc062723c751e8b465ee728b)
Start importing Assets/Scenes/Колода карт.fbx using Guid(d1f74d7702aced1479c8bb7f374add06) Importer(815301076,1909f56bfc062723c751e8b465ee728b)  -> (artifact id: '2307693af739a6b1906ff57aae7b6882') in 0.041200 seconds
Number of updated asset objects reloaded before import = 0
Number of asset objects unloaded after import = 9
========================================================================
Received Import Request.
  Time since last request: 107.423158 seconds.
  path: Assets/Scenes/Колода карт.fbx
  artifactKey: Guid(d1f74d7702aced1479c8bb7f374add06) Importer(815301076,1909f56bfc062723c751e8b465ee728b)
Start importing Assets/Scenes/Колода карт.fbx using Guid(d1f74d7702aced1479c8bb7f374add06) Importer(815301076,1909f56bfc062723c751e8b465ee728b)  -> (artifact id: '18f51d3fe9013358376c3e978fab12e1') in 0.052914 seconds
Number of updated asset objects reloaded before import = 0
Number of asset objects unloaded after import = 16
========================================================================
Received Import Request.
  Time since last request: 128.505391 seconds.
  path: Assets/Scenes/Колода карт.fbx
  artifactKey: Guid(d1f74d7702aced1479c8bb7f374add06) Importer(815301076,1909f56bfc062723c751e8b465ee728b)
Start importing Assets/Scenes/Колода карт.fbx using Guid(d1f74d7702aced1479c8bb7f374add06) Importer(815301076,1909f56bfc062723c751e8b465ee728b)  -> (artifact id: 'b9a9e13cffa6f097ee364b3315f16d9f') in 0.040223 seconds
Number of updated asset objects reloaded before import = 0
Number of asset objects unloaded after import = 9
========================================================================
Received Import Request.
  Time since last request: 52.558904 seconds.
  path: Assets/Scenes/Колода карт.fbx
  artifactKey: Guid(d1f74d7702aced1479c8bb7f374add06) Importer(815301076,1909f56bfc062723c751e8b465ee728b)
Start importing Assets/Scenes/Колода карт.fbx using Guid(d1f74d7702aced1479c8bb7f374add06) Importer(815301076,1909f56bfc062723c751e8b465ee728b)  -> (artifact id: '421d130066c42fc71901f0ef9a1e59e5') in 0.039545 seconds
Number of updated asset objects reloaded before import = 0
Number of asset objects unloaded after import = 9
========================================================================
Received Import Request.
  Time since last request: 544.609314 seconds.
  path: Assets/Scenes/Колода карт.fbx
  artifactKey: Guid(d1f74d7702aced1479c8bb7f374add06) Importer(815301076,1909f56bfc062723c751e8b465ee728b)
Start importing Assets/Scenes/Колода карт.fbx using Guid(d1f74d7702aced1479c8bb7f374add06) Importer(815301076,1909f56bfc062723c751e8b465ee728b)  -> (artifact id: 'a047336b3770b9c252ffa79281f09d8d') in 0.131466 seconds
Number of updated asset objects reloaded before import = 0
Number of asset objects unloaded after import = 71
========================================================================
Received Import Request.
  Time since last request: 63.230380 seconds.
  path: Assets/Scenes/Колода карт.fbx
  artifactKey: Guid(d1f74d7702aced1479c8bb7f374add06) Importer(815301076,1909f56bfc062723c751e8b465ee728b)
Start importing Assets/Scenes/Колода карт.fbx using Guid(d1f74d7702aced1479c8bb7f374add06) Importer(815301076,1909f56bfc062723c751e8b465ee728b)  -> (artifact id: 'e0d8b056f81c1020ea0f64baa718acda') in 0.134854 seconds
Number of updated asset objects reloaded before import = 0
Number of asset objects unloaded after import = 71
========================================================================
Received Import Request.
  Time since last request: 120.770058 seconds.
  path: Assets/Scenes/Колода карт.fbx
  artifactKey: Guid(d1f74d7702aced1479c8bb7f374add06) Importer(815301076,1909f56bfc062723c751e8b465ee728b)
Start importing Assets/Scenes/Колода карт.fbx using Guid(d1f74d7702aced1479c8bb7f374add06) Importer(815301076,1909f56bfc062723c751e8b465ee728b)  -> (artifact id: '2a7a5937d52e1fdf18d6e4cdccd33cb6') in 0.045683 seconds
Number of updated asset objects reloaded before import = 0
Number of asset objects unloaded after import = 9
========================================================================
Received Import Request.
  Time since last request: 158.290175 seconds.
  path: Assets/Scenes/Колода карт.fbx
  artifactKey: Guid(d1f74d7702aced1479c8bb7f374add06) Importer(815301076,1909f56bfc062723c751e8b465ee728b)
Start importing Assets/Scenes/Колода карт.fbx using Guid(d1f74d7702aced1479c8bb7f374add06) Importer(815301076,1909f56bfc062723c751e8b465ee728b)  -> (artifact id: '0fbfc183620787a2b471f95a0f42c4d8') in 0.136045 seconds
Number of updated asset objects reloaded before import = 0
Number of asset objects unloaded after import = 71
========================================================================
Received Import Request.
  Time since last request: 220.312695 seconds.
  path: Assets/Scenes/Колода карт.fbx
  artifactKey: Guid(d1f74d7702aced1479c8bb7f374add06) Importer(815301076,1909f56bfc062723c751e8b465ee728b)
Start importing Assets/Scenes/Колода карт.fbx using Guid(d1f74d7702aced1479c8bb7f374add06) Importer(815301076,1909f56bfc062723c751e8b465ee728b)  -> (artifact id: '7f850168647e6c0ed38d99b7f8291203') in 0.043176 seconds
Number of updated asset objects reloaded before import = 0
Number of asset objects unloaded after import = 9
========================================================================
Received Import Request.
  Time since last request: 170.682410 seconds.
  path: Assets/Scenes/Колода карт.fbx
  artifactKey: Guid(d1f74d7702aced1479c8bb7f374add06) Importer(815301076,1909f56bfc062723c751e8b465ee728b)
Start importing Assets/Scenes/Колода карт.fbx using Guid(d1f74d7702aced1479c8bb7f374add06) Importer(815301076,1909f56bfc062723c751e8b465ee728b)  -> (artifact id: '6f5f89cf6ce02453453fc4987cd3790a') in 0.055755 seconds
Number of updated asset objects reloaded before import = 0
Number of asset objects unloaded after import = 16
========================================================================
Received Import Request.
  Time since last request: 30.583796 seconds.
  path: Assets/Scenes/Колода карт.fbx
  artifactKey: Guid(d1f74d7702aced1479c8bb7f374add06) Importer(815301076,1909f56bfc062723c751e8b465ee728b)
Start importing Assets/Scenes/Колода карт.fbx using Guid(d1f74d7702aced1479c8bb7f374add06) Importer(815301076,1909f56bfc062723c751e8b465ee728b)  -> (artifact id: '1a5437dce266d2a6672d02df5e072966') in 0.055671 seconds
Number of updated asset objects reloaded before import = 0
Number of asset objects unloaded after import = 16
========================================================================
Received Import Request.
  Time since last request: 244.629071 seconds.
  path: Assets/Scenes/Мешочек маленький.fbx
  artifactKey: Guid(c1aca4b99f6a19c4591b751fd185f1b3) Importer(815301076,1909f56bfc062723c751e8b465ee728b)
Start importing Assets/Scenes/Мешочек маленький.fbx using Guid(c1aca4b99f6a19c4591b751fd185f1b3) Importer(815301076,1909f56bfc062723c751e8b465ee728b)  -> (artifact id: 'f279d3d8e152b99a54be16866a26ef42') in 0.051560 seconds
Number of updated asset objects reloaded before import = 0
Number of asset objects unloaded after import = 11
